D:\WORKSPACE\VS2010\WORDCOUNT\DEBUG\WORDCOUNT.EXE
D:\WORKSPACE\VS2010\WORDCOUNT\DEBUG\WORDCOUNT.ILK
D:\WORKSPACE\VS2010\WORDCOUNT\DEBUG\WORDCOUNT.PDB
D:\WORKSPACE\VS2010\WORDCOUNT\WORDCOUNT\DEBUG\VC100.PDB
D:\WORKSPACE\VS2010\WORDCOUNT\WORDCOUNT\DEBUG\WC.OBJ
D:\workSpace\VS2010\WordCount\WordCount\Debug\WordCount.exe
D:\WORKSPACE\VS2010\WORDCOUNT\WORDCOUNT\DEBUG\WORDCOUNT.EXE.EMBED.MANIFEST
D:\WORKSPACE\VS2010\WORDCOUNT\WORDCOUNT\DEBUG\WORDCOUNT.EXE.EMBED.MANIFEST.RES
D:\WORKSPACE\VS2010\WORDCOUNT\WORDCOUNT\DEBUG\WORDCOUNT.EXE.INTERMEDIATE.MANIFEST
D:\workSpace\VS2010\WordCount\WordCount\Debug\WordCount.ilk
D:\workSpace\VS2010\WordCount\WordCount\Debug\WordCount.pdb
D:\workSpace\VS2010\WordCount\WordCount\WordCount\Debug\cl.command.1.tlog
D:\workSpace\VS2010\WordCount\WordCount\WordCount\Debug\CL.read.1.tlog
D:\workSpace\VS2010\WordCount\WordCount\WordCount\Debug\CL.write.1.tlog
D:\workSpace\VS2010\WordCount\WordCount\WordCount\Debug\link.12904.read.1.tlog
D:\workSpace\VS2010\WordCount\WordCount\WordCount\Debug\link.12904.write.1.tlog
D:\workSpace\VS2010\WordCount\WordCount\WordCount\Debug\link.12904-cvtres.read.1.tlog
D:\workSpace\VS2010\WordCount\WordCount\WordCount\Debug\link.12904-cvtres.write.1.tlog
D:\workSpace\VS2010\WordCount\WordCount\WordCount\Debug\link.command.1.tlog
D:\workSpace\VS2010\WordCount\WordCount\WordCount\Debug\link.read.1.tlog
D:\workSpace\VS2010\WordCount\WordCount\WordCount\Debug\link.write.1.tlog
D:\workSpace\VS2010\WordCount\WordCount\WordCount\Debug\link-cvtres.read.1.tlog
D:\workSpace\VS2010\WordCount\WordCount\WordCount\Debug\link-cvtres.write.1.tlog
D:\workSpace\VS2010\WordCount\WordCount\WordCount\Debug\mt.command.1.tlog
D:\workSpace\VS2010\WordCount\WordCount\WordCount\Debug\mt.read.1.tlog
D:\workSpace\VS2010\WordCount\WordCount\WordCount\Debug\mt.write.1.tlog
D:\workSpace\VS2010\WordCount\WordCount\WordCount\Debug\rc.command.1.tlog
D:\workSpace\VS2010\WordCount\WordCount\WordCount\Debug\rc.read.1.tlog
D:\workSpace\VS2010\WordCount\WordCount\WordCount\Debug\rc.write.1.tlog
D:\workSpace\VS2010\WordCount\WordCount\WordCount\Debug\vc100.idb
D:\workSpace\VS2010\WordCount\WordCount\WordCount\Debug\vc100.pdb
D:\workSpace\VS2010\WordCount\WordCount\WordCount\Debug\wc.obj
D:\workSpace\VS2010\WordCount\WordCount\WordCount\Debug\WordCount.exe.embed.manifest
D:\workSpace\VS2010\WordCount\WordCount\WordCount\Debug\WordCount.exe.embed.manifest.res
D:\workSpace\VS2010\WordCount\WordCount\WordCount\Debug\WordCount.exe.intermediate.manifest
D:\workSpace\VS2010\WordCount\WordCount\WordCount\Debug\WordCount.write.1.tlog
D:\workSpace\VS2010\WordCount\WordCount\WordCount\Debug\WordCount_manifest.rc
